<?xml version="1.0" encoding="UTF-8"?>
<!-- Generated by org.testng.reporters.JUnitReportReporter -->
<testsuite hostname="DESKTOP-14DE18T" failures="0" tests="4" name="automationbyselenium.TestNGKeyword4" time="5.036" errors="1" timestamp="2024-01-26T21:40:10 IST" skipped="1">
  <testcase classname="automationbyselenium.TestNGKeyword4" name="test4" time="0.015"/>
  <testcase classname="automationbyselenium.TestNGKeyword4" name="test3" time="0.003"/>
  <testcase classname="automationbyselenium.TestNGKeyword4" name="test2" time="5.018">
    <error message="Method automationbyselenium.TestNGKeyword4.test2() didn&#039;t finish within the time-out 5000" type="org.testng.internal.thread.ThreadTimeoutException">
      <![CDATA[org.testng.internal.thread.ThreadTimeoutException: Method automationbyselenium.TestNGKeyword4.test2() didn't finish within the time-out 5000
at java.base@17.0.8/java.lang.Thread.sleep(Native Method)
at app//automationbyselenium.TestNGKeyword4.test2(TestNGKeyword4.java:14)
at java.base@17.0.8/jdk.internal.reflect.NativeMethodAccessorImpl.invoke0(Native Method)
at java.base@17.0.8/jdk.internal.reflect.NativeMethodAccessorImpl.invoke(NativeMethodAccessorImpl.java:77)
at java.base@17.0.8/jdk.internal.reflect.DelegatingMethodAccessorImpl.invoke(DelegatingMethodAccessorImpl.java:43)
at java.base@17.0.8/java.lang.reflect.Method.invoke(Method.java:568)
at app//org.testng.internal.invokers.MethodInvocationHelper.invokeMethod(MethodInvocationHelper.java:139)
at app//org.testng.internal.invokers.InvokeMethodRunnable.runOne(InvokeMethodRunnable.java:47)
at app//org.testng.internal.invokers.InvokeMethodRunnable.call(InvokeMethodRunnable.java:76)
at app//org.testng.internal.invokers.InvokeMethodRunnable.call(InvokeMethodRunnable.java:11)
at java.base@17.0.8/java.util.concurrent.FutureTask.run(FutureTask.java:264)
at java.base@17.0.8/java.util.concurrent.ThreadPoolExecutor.runWorker(ThreadPoolExecutor.java:1136)
at java.base@17.0.8/java.util.concurrent.ThreadPoolExecutor$Worker.run(ThreadPoolExecutor.java:635)
at java.base@17.0.8/java.lang.Thread.run(Thread.java:833)
]]>
    </error>
  </testcase> <!-- test2 -->
  <testcase classname="automationbyselenium.TestNGKeyword4" name="test1" time="0.000">
    <skipped/>
  </testcase> <!-- test1 -->
</testsuite> <!-- automationbyselenium.TestNGKeyword4 -->
